app/build/intermediates/manifest_merge_blame_file/debug/manifest-merger-blame-debug-report.txt
1<?xml version="1.0" encoding="utf-8"?>
2<manifest xmlns:android="http://schemas.android.com/apk/res/android"
3    package="com.parkmk"
4    android:versionCode="1"
5    android:versionName="1.0.0" >
6
7    <uses-sdk
8        android:minSdkVersion="26"
9        android:targetSdkVersion="34" />
10
11    <uses-permission android:name="android.permission.INTERNET" />
11-->src\main\AndroidManifest.xml:4:5-67
11-->src\main\AndroidManifest.xml:4:22-64
12    <uses-permission android:name="android.permission.ACCESS_NETWORK_STATE" />
12-->src\main\AndroidManifest.xml:5:5-79
12-->src\main\AndroidManifest.xml:5:22-76
13    <uses-permission android:name="android.permission.ACCESS_FINE_LOCATION" />
13-->src\main\AndroidManifest.xml:6:5-79
13-->src\main\AndroidManifest.xml:6:22-76
14    <uses-permission android:name="android.permission.ACCESS_COARSE_LOCATION" />
14-->src\main\AndroidManifest.xml:7:5-81
14-->src\main\AndroidManifest.xml:7:22-78
15    <uses-permission android:name="android.permission.SEND_SMS" />
15-->src\main\AndroidManifest.xml:8:5-67
15-->src\main\AndroidManifest.xml:8:22-64
16    <uses-permission android:name="android.permission.POST_NOTIFICATIONS" />
16-->src\main\AndroidManifest.xml:9:5-77
16-->src\main\AndroidManifest.xml:9:22-74
17    <uses-permission android:name="android.permission.FOREGROUND_SERVICE" />
17-->src\main\AndroidManifest.xml:10:5-77
17-->src\main\AndroidManifest.xml:10:22-74
18    <uses-permission android:name="android.permission.FOREGROUND_SERVICE_DATA_SYNC" />
18-->src\main\AndroidManifest.xml:11:5-87
18-->src\main\AndroidManifest.xml:11:22-84
19
20    <queries>
20-->[com.facebook.android:facebook-common:16.3.0] AndroidManifest.xml:17:5-19:15
21        <package android:name="com.facebook.katana" />
21-->[com.facebook.android:facebook-common:16.3.0] AndroidManifest.xml:18:9-55
21-->[com.facebook.android:facebook-common:16.3.0] AndroidManifest.xml:18:18-52
22        <!-- Needs to be explicitly declared on Android R+ -->
23        <package android:name="com.google.android.apps.maps" />
23-->[com.google.android.gms:play-services-maps:18.2.0] AndroidManifest.xml:33:9-64
23-->[com.google.android.gms:play-services-maps:18.2.0] AndroidManifest.xml:33:18-61
24    </queries>
25
26    <uses-feature
26-->[com.google.android.gms:play-services-maps:18.2.0] AndroidManifest.xml:26:5-28:35
27        android:glEsVersion="0x00020000"
27-->[com.google.android.gms:play-services-maps:18.2.0] AndroidManifest.xml:27:9-41
28        android:required="true" />
28-->[com.google.android.gms:play-services-maps:18.2.0] AndroidManifest.xml:28:9-32
29
30    <uses-permission android:name="android.permission.WAKE_LOCK" /> <!-- Required by older versions of Google Play services to create IID tokens -->
30-->[com.google.firebase:firebase-messaging:23.4.1] AndroidManifest.xml:24:5-68
30-->[com.google.firebase:firebase-messaging:23.4.1] AndroidManifest.xml:24:22-65
31    <uses-permission android:name="com.google.android.c2dm.permission.RECEIVE" />
31-->[com.google.firebase:firebase-messaging:23.4.1] AndroidManifest.xml:26:5-82
31-->[com.google.firebase:firebase-messaging:23.4.1] AndroidManifest.xml:26:22-79
32    <uses-permission android:name="com.google.android.gms.permission.AD_ID" />
32-->[com.facebook.android:facebook-core:16.3.0] AndroidManifest.xml:16:5-79
32-->[com.facebook.android:facebook-core:16.3.0] AndroidManifest.xml:16:22-76
33    <uses-permission android:name="com.google.android.finsky.permission.BIND_GET_INSTALL_REFERRER_SERVICE" />
33-->[com.google.android.gms:play-services-measurement:21.5.1] AndroidManifest.xml:26:5-110
33-->[com.google.android.gms:play-services-measurement:21.5.1] AndroidManifest.xml:26:22-107
34    <uses-permission android:name="com.google.android.providers.gsf.permission.READ_GSERVICES" />
34-->[com.google.android.recaptcha:recaptcha:18.4.0] AndroidManifest.xml:9:5-98
34-->[com.google.android.recaptcha:recaptcha:18.4.0] AndroidManifest.xml:9:22-95
35    <uses-permission android:name="android.permission.ACCESS_ADSERVICES_ATTRIBUTION" />
35-->[com.google.android.gms:play-services-measurement-api:21.5.1] AndroidManifest.xml:26:5-88
35-->[com.google.android.gms:play-services-measurement-api:21.5.1] AndroidManifest.xml:26:22-85
36    <uses-permission android:name="android.permission.ACCESS_ADSERVICES_AD_ID" />
36-->[com.google.android.gms:play-services-measurement-api:21.5.1] AndroidManifest.xml:27:5-82
36-->[com.google.android.gms:play-services-measurement-api:21.5.1] AndroidManifest.xml:27:22-79
37
38    <permission
38-->[androidx.core:core:1.12.0] AndroidManifest.xml:22:5-24:47
39        android:name="com.parkmk.DYNAMIC_RECEIVER_NOT_EXPORTED_PERMISSION"
39-->[androidx.core:core:1.12.0] AndroidManifest.xml:23:9-81
40        android:protectionLevel="signature" />
40-->[androidx.core:core:1.12.0] AndroidManifest.xml:24:9-44
41
42    <uses-permission android:name="com.parkmk.DYNAMIC_RECEIVER_NOT_EXPORTED_PERMISSION" />
42-->[androidx.core:core:1.12.0] AndroidManifest.xml:26:5-97
42-->[androidx.core:core:1.12.0] AndroidManifest.xml:26:22-94
43
44    <supports-screens
44-->[org.osmdroid:osmdroid-android:6.1.18] AndroidManifest.xml:9:5-12:40
45        android:anyDensity="true"
45-->[org.osmdroid:osmdroid-android:6.1.18] AndroidManifest.xml:10:9-34
46        android:largeScreens="true"
46-->[org.osmdroid:osmdroid-android:6.1.18] AndroidManifest.xml:11:9-36
47        android:normalScreens="true" />
47-->[org.osmdroid:osmdroid-android:6.1.18] AndroidManifest.xml:12:9-37
48
49    <uses-feature
49-->[org.osmdroid:osmdroid-android:6.1.18] AndroidManifest.xml:14:5-16:36
50        android:name="android.hardware.location.network"
50-->[org.osmdroid:osmdroid-android:6.1.18] AndroidManifest.xml:15:9-57
51        android:required="false" />
51-->[org.osmdroid:osmdroid-android:6.1.18] AndroidManifest.xml:16:9-33
52    <uses-feature
52-->[org.osmdroid:osmdroid-android:6.1.18] AndroidManifest.xml:17:5-19:36
53        android:name="android.hardware.location.gps"
53-->[org.osmdroid:osmdroid-android:6.1.18] AndroidManifest.xml:18:9-53
54        android:required="false" />
54-->[org.osmdroid:osmdroid-android:6.1.18] AndroidManifest.xml:19:9-33
55    <uses-feature
55-->[org.osmdroid:osmdroid-android:6.1.18] AndroidManifest.xml:20:5-22:36
56        android:name="android.hardware.telephony"
56-->[org.osmdroid:osmdroid-android:6.1.18] AndroidManifest.xml:21:9-50
57        android:required="false" />
57-->[org.osmdroid:osmdroid-android:6.1.18] AndroidManifest.xml:22:9-33
58    <uses-feature
58-->[org.osmdroid:osmdroid-android:6.1.18] AndroidManifest.xml:23:5-25:36
59        android:name="android.hardware.wifi"
59-->[org.osmdroid:osmdroid-android:6.1.18] AndroidManifest.xml:24:9-45
60        android:required="false" />
60-->[org.osmdroid:osmdroid-android:6.1.18] AndroidManifest.xml:25:9-33
61
62    <application
62-->src\main\AndroidManifest.xml:13:5-78:19
63        android:name="com.parkmk.ParkMKApp"
63-->src\main\AndroidManifest.xml:14:9-34
64        android:allowBackup="true"
64-->src\main\AndroidManifest.xml:15:9-35
65        android:appComponentFactory="androidx.core.app.CoreComponentFactory"
65-->[androidx.core:core:1.12.0] AndroidManifest.xml:28:18-86
66        android:debuggable="true"
67        android:extractNativeLibs="false"
68        android:icon="@mipmap/ic_launcher"
68-->src\main\AndroidManifest.xml:16:9-43
69        android:label="@string/app_name"
69-->src\main\AndroidManifest.xml:18:9-41
70        android:localeConfig="@xml/locales_config"
70-->src\main\AndroidManifest.xml:21:9-51
71        android:roundIcon="@mipmap/ic_launcher_round"
71-->src\main\AndroidManifest.xml:17:9-54
72        android:supportsRtl="true"
72-->src\main\AndroidManifest.xml:19:9-35
73        android:testOnly="true"
74        android:theme="@style/Theme.ParkMK" >
74-->src\main\AndroidManifest.xml:20:9-44
75        <meta-data
75-->src\main\AndroidManifest.xml:23:9-25:49
76            android:name="com.google.android.geo.API_KEY"
76-->src\main\AndroidManifest.xml:24:13-58
77            android:value="YOUR_MAPS_API_KEY" />
77-->src\main\AndroidManifest.xml:25:13-46
78        <meta-data
78-->src\main\AndroidManifest.xml:27:9-29:52
79            android:name="com.facebook.sdk.ApplicationId"
79-->src\main\AndroidManifest.xml:28:13-58
80            android:value="YOUR_FACEBOOK_APP_ID" />
80-->src\main\AndroidManifest.xml:29:13-49
81        <meta-data
81-->src\main\AndroidManifest.xml:31:9-33:58
82            android:name="com.facebook.sdk.ClientToken"
82-->src\main\AndroidManifest.xml:32:13-56
83            android:value="YOUR_FACEBOOK_CLIENT_TOKEN" />
83-->src\main\AndroidManifest.xml:33:13-55
84
85        <activity
85-->src\main\AndroidManifest.xml:35:9-43:20
86            android:name="com.parkmk.ui.auth.SplashActivity"
86-->src\main\AndroidManifest.xml:36:13-51
87            android:exported="true"
87-->src\main\AndroidManifest.xml:37:13-36
88            android:theme="@style/Theme.ParkMK.Splash" >
88-->src\main\AndroidManifest.xml:38:13-55
89            <intent-filter>
89-->src\main\AndroidManifest.xml:39:13-42:29
90                <action android:name="android.intent.action.MAIN" />
90-->src\main\AndroidManifest.xml:40:17-69
90-->src\main\AndroidManifest.xml:40:25-66
91
92                <category android:name="android.intent.category.LAUNCHER" />
92-->src\main\AndroidManifest.xml:41:17-77
92-->src\main\AndroidManifest.xml:41:27-74
93            </intent-filter>
94        </activity>
95        <activity
95-->src\main\AndroidManifest.xml:45:9-48:58
96            android:name="com.parkmk.ui.auth.AuthActivity"
96-->src\main\AndroidManifest.xml:46:13-49
97            android:exported="false"
97-->src\main\AndroidManifest.xml:47:13-37
98            android:windowSoftInputMode="adjustResize" />
98-->src\main\AndroidManifest.xml:48:13-55
99        <activity
99-->src\main\AndroidManifest.xml:50:9-54:58
100            android:name="com.parkmk.ui.map.MainActivity"
100-->src\main\AndroidManifest.xml:51:13-48
101            android:configChanges="orientation|screenSize|keyboardHidden"
101-->src\main\AndroidManifest.xml:53:13-74
102            android:exported="false"
102-->src\main\AndroidManifest.xml:52:13-37
103            android:windowSoftInputMode="adjustResize" />
103-->src\main\AndroidManifest.xml:54:13-55
104        <activity
104-->src\main\AndroidManifest.xml:56:9-59:48
105            android:name="com.facebook.FacebookActivity"
105-->src\main\AndroidManifest.xml:57:13-57
106            android:configChanges="keyboard|keyboardHidden|screenLayout|screenSize|orientation"
106-->src\main\AndroidManifest.xml:58:13-96
107            android:label="@string/app_name"
107-->src\main\AndroidManifest.xml:59:13-45
108            android:theme="@style/com_facebook_activity_theme" />
108-->[com.facebook.android:facebook-common:16.3.0] AndroidManifest.xml:25:13-63
109
110        <service
110-->src\main\AndroidManifest.xml:61:9-64:40
111            android:name="com.parkmk.ui.parking.ParkingTimerService"
111-->src\main\AndroidManifest.xml:62:13-59
112            android:exported="false"
112-->src\main\AndroidManifest.xml:64:13-37
113            android:foregroundServiceType="dataSync" />
113-->src\main\AndroidManifest.xml:63:13-53
114        <service
114-->src\main\AndroidManifest.xml:66:9-72:19
115            android:name="com.parkmk.service.ParkMKFirebaseMessagingService"
115-->src\main\AndroidManifest.xml:67:13-67
116            android:exported="false" >
116-->src\main\AndroidManifest.xml:68:13-37
117            <intent-filter>
117-->src\main\AndroidManifest.xml:69:13-71:29
118                <action android:name="com.google.firebase.MESSAGING_EVENT" />
118-->src\main\AndroidManifest.xml:70:17-78
118-->src\main\AndroidManifest.xml:70:25-75
119            </intent-filter>
120        </service>
121
122        <meta-data
122-->src\main\AndroidManifest.xml:74:9-76:46
123            android:name="com.google.firebase.messaging.default_notification_channel_id"
123-->src\main\AndroidManifest.xml:75:13-89
124            android:value="parkmk_channel" />
124-->src\main\AndroidManifest.xml:76:13-43
125
126        <activity android:name="com.facebook.CustomTabMainActivity" />
126-->[com.facebook.android:facebook-common:16.3.0] AndroidManifest.xml:26:9-71
126-->[com.facebook.android:facebook-common:16.3.0] AndroidManifest.xml:26:19-68
127        <activity
127-->[com.facebook.android:facebook-common:16.3.0] AndroidManifest.xml:27:9-41:20
128            android:name="com.facebook.CustomTabActivity"
128-->[com.facebook.android:facebook-common:16.3.0] AndroidManifest.xml:28:13-58
129            android:exported="true" >
129-->[com.facebook.android:facebook-common:16.3.0] AndroidManifest.xml:29:13-36
130            <intent-filter>
130-->[com.facebook.android:facebook-common:16.3.0] AndroidManifest.xml:31:13-40:29
131                <action android:name="android.intent.action.VIEW" />
131-->[com.facebook.android:facebook-common:16.3.0] AndroidManifest.xml:32:17-69
131-->[com.facebook.android:facebook-common:16.3.0] AndroidManifest.xml:32:25-66
132
133                <category android:name="android.intent.category.DEFAULT" />
133-->[com.facebook.android:facebook-common:16.3.0] AndroidManifest.xml:34:17-76
133-->[com.facebook.android:facebook-common:16.3.0] AndroidManifest.xml:34:27-73
134                <category android:name="android.intent.category.BROWSABLE" />
134-->[com.facebook.android:facebook-common:16.3.0] AndroidManifest.xml:35:17-78
134-->[com.facebook.android:facebook-common:16.3.0] AndroidManifest.xml:35:27-75
135
136                <data
136-->[com.facebook.android:facebook-common:16.3.0] AndroidManifest.xml:37:17-39:50
137                    android:host="cct.com.parkmk"
137-->[com.facebook.android:facebook-common:16.3.0] AndroidManifest.xml:38:21-56
138                    android:scheme="fbconnect" />
138-->[com.facebook.android:facebook-common:16.3.0] AndroidManifest.xml:39:21-47
139            </intent-filter>
140        </activity>
141
142        <provider
142-->[androidx.emoji2:emoji2:1.2.0] AndroidManifest.xml:24:9-32:20
143            android:name="androidx.startup.InitializationProvider"
143-->[androidx.emoji2:emoji2:1.2.0] AndroidManifest.xml:25:13-67
144            android:authorities="com.parkmk.androidx-startup"
144-->[androidx.emoji2:emoji2:1.2.0] AndroidManifest.xml:26:13-68
145            android:exported="false" >
145-->[androidx.emoji2:emoji2:1.2.0] AndroidManifest.xml:27:13-37
146            <meta-data
146-->[androidx.emoji2:emoji2:1.2.0] AndroidManifest.xml:29:13-31:52
147                android:name="androidx.emoji2.text.EmojiCompatInitializer"
147-->[androidx.emoji2:emoji2:1.2.0] AndroidManifest.xml:30:17-75
148                android:value="androidx.startup" />
148-->[androidx.emoji2:emoji2:1.2.0] AndroidManifest.xml:31:17-49
149            <meta-data
149-->[androidx.lifecycle:lifecycle-process:2.7.0] AndroidManifest.xml:29:13-31:52
150                android:name="androidx.lifecycle.ProcessLifecycleInitializer"
150-->[androidx.lifecycle:lifecycle-process:2.7.0] AndroidManifest.xml:30:17-78
151                android:value="androidx.startup" />
151-->[androidx.lifecycle:lifecycle-process:2.7.0] AndroidManifest.xml:31:17-49
152            <meta-data
152-->[androidx.profileinstaller:profileinstaller:1.3.0] AndroidManifest.xml:29:13-31:52
153                android:name="androidx.profileinstaller.ProfileInstallerInitializer"
153-->[androidx.profileinstaller:profileinstaller:1.3.0] AndroidManifest.xml:30:17-85
154                android:value="androidx.startup" />
154-->[androidx.profileinstaller:profileinstaller:1.3.0] AndroidManifest.xml:31:17-49
155        </provider>
156
157        <activity
157-->[com.google.android.gms:play-services-auth:21.0.0] AndroidManifest.xml:23:9-27:75
158            android:name="com.google.android.gms.auth.api.signin.internal.SignInHubActivity"
158-->[com.google.android.gms:play-services-auth:21.0.0] AndroidManifest.xml:24:13-93
159            android:excludeFromRecents="true"
159-->[com.google.android.gms:play-services-auth:21.0.0] AndroidManifest.xml:25:13-46
160            android:exported="false"
160-->[com.google.android.gms:play-services-auth:21.0.0] AndroidManifest.xml:26:13-37
161            android:theme="@android:style/Theme.Translucent.NoTitleBar" />
161-->[com.google.android.gms:play-services-auth:21.0.0] AndroidManifest.xml:27:13-72
162        <!--
163            Service handling Google Sign-In user revocation. For apps that do not integrate with
164            Google Sign-In, this service will never be started.
165        -->
166        <service
166-->[com.google.android.gms:play-services-auth:21.0.0] AndroidManifest.xml:33:9-37:51
167            android:name="com.google.android.gms.auth.api.signin.RevocationBoundService"
167-->[com.google.android.gms:play-services-auth:21.0.0] AndroidManifest.xml:34:13-89
168            android:exported="true"
168-->[com.google.android.gms:play-services-auth:21.0.0] AndroidManifest.xml:35:13-36
169            android:permission="com.google.android.gms.auth.api.signin.permission.REVOCATION_NOTIFICATION"
169-->[com.google.android.gms:play-services-auth:21.0.0] AndroidManifest.xml:36:13-107
170            android:visibleToInstantApps="true" /> <!-- Needs to be explicitly declared on P+ -->
170-->[com.google.android.gms:play-services-auth:21.0.0] AndroidManifest.xml:37:13-48
171        <uses-library
171-->[com.google.android.gms:play-services-maps:18.2.0] AndroidManifest.xml:39:9-41:40
172            android:name="org.apache.http.legacy"
172-->[com.google.android.gms:play-services-maps:18.2.0] AndroidManifest.xml:40:13-50
173            android:required="false" />
173-->[com.google.android.gms:play-services-maps:18.2.0] AndroidManifest.xml:41:13-37
174
175        <service
175-->[com.google.firebase:firebase-auth-ktx:22.3.1] AndroidManifest.xml:8:9-14:19
176            android:name="com.google.firebase.components.ComponentDiscoveryService"
176-->[com.google.firebase:firebase-auth-ktx:22.3.1] AndroidManifest.xml:9:13-84
177            android:directBootAware="true"
177-->[com.google.firebase:firebase-common:20.4.2] AndroidManifest.xml:32:13-43
178            android:exported="false" >
178-->[com.google.firebase:firebase-auth-ktx:22.3.1] AndroidManifest.xml:10:13-37
179            <meta-data
179-->[com.google.firebase:firebase-auth-ktx:22.3.1] AndroidManifest.xml:11:13-13:85
180                android:name="com.google.firebase.components:com.google.firebase.auth.ktx.FirebaseAuthLegacyRegistrar"
180-->[com.google.firebase:firebase-auth-ktx:22.3.1] AndroidManifest.xml:12:17-119
181                android:value="com.google.firebase.components.ComponentRegistrar" />
181-->[com.google.firebase:firebase-auth-ktx:22.3.1] AndroidManifest.xml:13:17-82
182            <meta-data
182-->[com.google.firebase:firebase-auth:22.3.1] AndroidManifest.xml:69:13-71:85
183                android:name="com.google.firebase.components:com.google.firebase.auth.FirebaseAuthRegistrar"
183-->[com.google.firebase:firebase-auth:22.3.1] AndroidManifest.xml:70:17-109
184                android:value="com.google.firebase.components.ComponentRegistrar" />
184-->[com.google.firebase:firebase-auth:22.3.1] AndroidManifest.xml:71:17-82
185            <meta-data
185-->[com.google.firebase:firebase-firestore-ktx:24.10.2] AndroidManifest.xml:12:13-14:85
186                android:name="com.google.firebase.components:com.google.firebase.firestore.ktx.FirebaseFirestoreLegacyRegistrar"
186-->[com.google.firebase:firebase-firestore-ktx:24.10.2] AndroidManifest.xml:13:17-129
187                android:value="com.google.firebase.components.ComponentRegistrar" />
187-->[com.google.firebase:firebase-firestore-ktx:24.10.2] AndroidManifest.xml:14:17-82
188            <meta-data
188-->[com.google.firebase:firebase-firestore:24.10.2] AndroidManifest.xml:17:13-19:85
189                android:name="com.google.firebase.components:com.google.firebase.firestore.FirebaseFirestoreKtxRegistrar"
189-->[com.google.firebase:firebase-firestore:24.10.2] AndroidManifest.xml:18:17-122
190                android:value="com.google.firebase.components.ComponentRegistrar" />
190-->[com.google.firebase:firebase-firestore:24.10.2] AndroidManifest.xml:19:17-82
191            <meta-data
191-->[com.google.firebase:firebase-firestore:24.10.2] AndroidManifest.xml:20:13-22:85
192                android:name="com.google.firebase.components:com.google.firebase.firestore.FirestoreRegistrar"
192-->[com.google.firebase:firebase-firestore:24.10.2] AndroidManifest.xml:21:17-111
193                android:value="com.google.firebase.components.ComponentRegistrar" />
193-->[com.google.firebase:firebase-firestore:24.10.2] AndroidManifest.xml:22:17-82
194            <meta-data
194-->[com.google.firebase:firebase-messaging-ktx:23.4.1] AndroidManifest.xml:26:13-28:85
195                android:name="com.google.firebase.components:com.google.firebase.messaging.ktx.FirebaseMessagingLegacyRegistrar"
195-->[com.google.firebase:firebase-messaging-ktx:23.4.1] AndroidManifest.xml:27:17-129
196                android:value="com.google.firebase.components.ComponentRegistrar" />
196-->[com.google.firebase:firebase-messaging-ktx:23.4.1] AndroidManifest.xml:28:17-82
197            <meta-data
197-->[com.google.firebase:firebase-messaging:23.4.1] AndroidManifest.xml:57:13-59:85
198                android:name="com.google.firebase.components:com.google.firebase.messaging.FirebaseMessagingKtxRegistrar"
198-->[com.google.firebase:firebase-messaging:23.4.1] AndroidManifest.xml:58:17-122
199                android:value="com.google.firebase.components.ComponentRegistrar" />
199-->[com.google.firebase:firebase-messaging:23.4.1] AndroidManifest.xml:59:17-82
200            <meta-data
200-->[com.google.firebase:firebase-messaging:23.4.1] AndroidManifest.xml:60:13-62:85
201                android:name="com.google.firebase.components:com.google.firebase.messaging.FirebaseMessagingRegistrar"
201-->[com.google.firebase:firebase-messaging:23.4.1] AndroidManifest.xml:61:17-119
202                android:value="com.google.firebase.components.ComponentRegistrar" />
202-->[com.google.firebase:firebase-messaging:23.4.1] AndroidManifest.xml:62:17-82
203            <meta-data
203-->[com.google.firebase:firebase-analytics-ktx:21.5.1] AndroidManifest.xml:11:13-13:85
204                android:name="com.google.firebase.components:com.google.firebase.analytics.ktx.FirebaseAnalyticsLegacyRegistrar"
204-->[com.google.firebase:firebase-analytics-ktx:21.5.1] AndroidManifest.xml:12:17-129
205                android:value="com.google.firebase.components.ComponentRegistrar" />
205-->[com.google.firebase:firebase-analytics-ktx:21.5.1] AndroidManifest.xml:13:17-82
206            <meta-data
206-->[com.google.android.gms:play-services-measurement-api:21.5.1] AndroidManifest.xml:37:13-39:85
207                android:name="com.google.firebase.components:com.google.firebase.analytics.connector.internal.AnalyticsConnectorRegistrar"
207-->[com.google.android.gms:play-services-measurement-api:21.5.1] AndroidManifest.xml:38:17-139
208                android:value="com.google.firebase.components.ComponentRegistrar" />
208-->[com.google.android.gms:play-services-measurement-api:21.5.1] AndroidManifest.xml:39:17-82
209            <meta-data
209-->[com.google.firebase:firebase-installations:17.2.0] AndroidManifest.xml:15:13-17:85
210                android:name="com.google.firebase.components:com.google.firebase.installations.FirebaseInstallationsKtxRegistrar"
210-->[com.google.firebase:firebase-installations:17.2.0] AndroidManifest.xml:16:17-130
211                android:value="com.google.firebase.components.ComponentRegistrar" />
211-->[com.google.firebase:firebase-installations:17.2.0] AndroidManifest.xml:17:17-82
212            <meta-data
212-->[com.google.firebase:firebase-installations:17.2.0] AndroidManifest.xml:18:13-20:85
213                android:name="com.google.firebase.components:com.google.firebase.installations.FirebaseInstallationsRegistrar"
213-->[com.google.firebase:firebase-installations:17.2.0] AndroidManifest.xml:19:17-127
214                android:value="com.google.firebase.components.ComponentRegistrar" />
214-->[com.google.firebase:firebase-installations:17.2.0] AndroidManifest.xml:20:17-82
215            <meta-data
215-->[com.google.firebase:firebase-common-ktx:20.4.2] AndroidManifest.xml:12:13-14:85
216                android:name="com.google.firebase.components:com.google.firebase.ktx.FirebaseCommonLegacyRegistrar"
216-->[com.google.firebase:firebase-common-ktx:20.4.2] AndroidManifest.xml:13:17-116
217                android:value="com.google.firebase.components.ComponentRegistrar" />
217-->[com.google.firebase:firebase-common-ktx:20.4.2] AndroidManifest.xml:14:17-82
218            <meta-data
218-->[com.google.firebase:firebase-common:20.4.2] AndroidManifest.xml:35:13-37:85
219                android:name="com.google.firebase.components:com.google.firebase.FirebaseCommonKtxRegistrar"
219-->[com.google.firebase:firebase-common:20.4.2] AndroidManifest.xml:36:17-109
220                android:value="com.google.firebase.components.ComponentRegistrar" />
220-->[com.google.firebase:firebase-common:20.4.2] AndroidManifest.xml:37:17-82
221            <meta-data
221-->[com.google.firebase:firebase-datatransport:18.1.7] AndroidManifest.xml:27:13-29:85
222                android:name="com.google.firebase.components:com.google.firebase.datatransport.TransportRegistrar"
222-->[com.google.firebase:firebase-datatransport:18.1.7] AndroidManifest.xml:28:17-115
223                android:value="com.google.firebase.components.ComponentRegistrar" />
223-->[com.google.firebase:firebase-datatransport:18.1.7] AndroidManifest.xml:29:17-82
224        </service>
225
226        <activity
226-->[com.google.firebase:firebase-auth:22.3.1] AndroidManifest.xml:29:9-46:20
227            android:name="com.google.firebase.auth.internal.GenericIdpActivity"
227-->[com.google.firebase:firebase-auth:22.3.1] AndroidManifest.xml:30:13-80
228            android:excludeFromRecents="true"
228-->[com.google.firebase:firebase-auth:22.3.1] AndroidManifest.xml:31:13-46
229            android:exported="true"
229-->[com.google.firebase:firebase-auth:22.3.1] AndroidManifest.xml:32:13-36
230            android:launchMode="singleTask"
230-->[com.google.firebase:firebase-auth:22.3.1] AndroidManifest.xml:33:13-44
231            android:theme="@android:style/Theme.Translucent.NoTitleBar" >
231-->[com.google.firebase:firebase-auth:22.3.1] AndroidManifest.xml:34:13-72
232            <intent-filter>
232-->[com.google.firebase:firebase-auth:22.3.1] AndroidManifest.xml:35:13-45:29
233                <action android:name="android.intent.action.VIEW" />
233-->[com.facebook.android:facebook-common:16.3.0] AndroidManifest.xml:32:17-69
233-->[com.facebook.android:facebook-common:16.3.0] AndroidManifest.xml:32:25-66
234
235                <category android:name="android.intent.category.DEFAULT" />
235-->[com.facebook.android:facebook-common:16.3.0] AndroidManifest.xml:34:17-76
235-->[com.facebook.android:facebook-common:16.3.0] AndroidManifest.xml:34:27-73
236                <category android:name="android.intent.category.BROWSABLE" />
236-->[com.facebook.android:facebook-common:16.3.0] AndroidManifest.xml:35:17-78
236-->[com.facebook.android:facebook-common:16.3.0] AndroidManifest.xml:35:27-75
237
238                <data
238-->[com.facebook.android:facebook-common:16.3.0] AndroidManifest.xml:37:17-39:50
239                    android:host="firebase.auth"
239-->[com.facebook.android:facebook-common:16.3.0] AndroidManifest.xml:38:21-56
240                    android:path="/"
241                    android:scheme="genericidp" />
241-->[com.facebook.android:facebook-common:16.3.0] AndroidManifest.xml:39:21-47
242            </intent-filter>
243        </activity>
244        <activity
244-->[com.google.firebase:firebase-auth:22.3.1] AndroidManifest.xml:47:9-64:20
245            android:name="com.google.firebase.auth.internal.RecaptchaActivity"
245-->[com.google.firebase:firebase-auth:22.3.1] AndroidManifest.xml:48:13-79
246            android:excludeFromRecents="true"
246-->[com.google.firebase:firebase-auth:22.3.1] AndroidManifest.xml:49:13-46
247            android:exported="true"
247-->[com.google.firebase:firebase-auth:22.3.1] AndroidManifest.xml:50:13-36
248            android:launchMode="singleTask"
248-->[com.google.firebase:firebase-auth:22.3.1] AndroidManifest.xml:51:13-44
249            android:theme="@android:style/Theme.Translucent.NoTitleBar" >
249-->[com.google.firebase:firebase-auth:22.3.1] AndroidManifest.xml:52:13-72
250            <intent-filter>
250-->[com.google.firebase:firebase-auth:22.3.1] AndroidManifest.xml:53:13-63:29
251                <action android:name="android.intent.action.VIEW" />
251-->[com.facebook.android:facebook-common:16.3.0] AndroidManifest.xml:32:17-69
251-->[com.facebook.android:facebook-common:16.3.0] AndroidManifest.xml:32:25-66
252
253                <category android:name="android.intent.category.DEFAULT" />
253-->[com.facebook.android:facebook-common:16.3.0] AndroidManifest.xml:34:17-76
253-->[com.facebook.android:facebook-common:16.3.0] AndroidManifest.xml:34:27-73
254                <category android:name="android.intent.category.BROWSABLE" />
254-->[com.facebook.android:facebook-common:16.3.0] AndroidManifest.xml:35:17-78
254-->[com.facebook.android:facebook-common:16.3.0] AndroidManifest.xml:35:27-75
255
256                <data
256-->[com.facebook.android:facebook-common:16.3.0] AndroidManifest.xml:37:17-39:50
257                    android:host="firebase.auth"
257-->[com.facebook.android:facebook-common:16.3.0] AndroidManifest.xml:38:21-56
258                    android:path="/"
259                    android:scheme="recaptcha" />
259-->[com.facebook.android:facebook-common:16.3.0] AndroidManifest.xml:39:21-47
260            </intent-filter>
261        </activity>
262
263        <receiver